ARM GAS  C:\Users\Perro\AppData\Local\Temp\ccg0cfhe.s 			page 1


   1              		.syntax unified
   2              		.cpu cortex-m3
   3              		.fpu softvfp
   4              		.eabi_attribute 20, 1
   5              		.eabi_attribute 21, 1
   6              		.eabi_attribute 23, 3
   7              		.eabi_attribute 24, 1
   8              		.eabi_attribute 25, 1
   9              		.eabi_attribute 26, 1
  10              		.eabi_attribute 30, 6
  11              		.eabi_attribute 34, 1
  12              		.eabi_attribute 18, 4
  13              		.thumb
  14              		.syntax unified
  15              		.file	"cymetadata.c"
  16              		.text
  17              	.Ltext0:
  18              		.cfi_sections	.debug_frame
  19              		.global	cy_meta_configecc
  20              		.section	.cyconfigecc,"a",%progbits
  21              		.align	2
  22              		.type	cy_meta_configecc, %object
  23              		.size	cy_meta_configecc, 896
  24              	cy_meta_configecc:
  25 0000 01       		.byte	1
  26 0001 45       		.byte	69
  27 0002 00       		.byte	0
  28 0003 40       		.byte	64
  29 0004 03       		.byte	3
  30 0005 65       		.byte	101
  31 0006 00       		.byte	0
  32 0007 40       		.byte	64
  33 0008 03       		.byte	3
  34 0009 15       		.byte	21
  35 000a 01       		.byte	1
  36 000b 40       		.byte	64
  37 000c 01       		.byte	1
  38 000d 17       		.byte	23
  39 000e 01       		.byte	1
  40 000f 40       		.byte	64
  41 0010 14       		.byte	20
  42 0011 18       		.byte	24
  43 0012 01       		.byte	1
  44 0013 40       		.byte	64
  45 0014 3B       		.byte	59
  46 0015 19       		.byte	25
  47 0016 01       		.byte	1
  48 0017 40       		.byte	64
  49 0018 69       		.byte	105
  50 0019 1A       		.byte	26
  51 001a 01       		.byte	1
  52 001b 40       		.byte	64
  53 001c 52       		.byte	82
  54 001d 1B       		.byte	27
  55 001e 01       		.byte	1
  56 001f 40       		.byte	64
  57 0020 02       		.byte	2
ARM GAS  C:\Users\Perro\AppData\Local\Temp\ccg0cfhe.s 			page 2


  58 0021 40       		.byte	64
  59 0022 01       		.byte	1
  60 0023 40       		.byte	64
  61 0024 01       		.byte	1
  62 0025 41       		.byte	65
  63 0026 01       		.byte	1
  64 0027 40       		.byte	64
  65 0028 03       		.byte	3
  66 0029 42       		.byte	66
  67 002a 01       		.byte	1
  68 002b 40       		.byte	64
  69 002c 02       		.byte	2
  70 002d 43       		.byte	67
  71 002e 01       		.byte	1
  72 002f 40       		.byte	64
  73 0030 06       		.byte	6
  74 0031 48       		.byte	72
  75 0032 01       		.byte	1
  76 0033 40       		.byte	64
  77 0034 11       		.byte	17
  78 0035 49       		.byte	73
  79 0036 01       		.byte	1
  80 0037 40       		.byte	64
  81 0038 08       		.byte	8
  82 0039 4C       		.byte	76
  83 003a 01       		.byte	1
  84 003b 40       		.byte	64
  85 003c 0C       		.byte	12
  86 003d 4D       		.byte	77
  87 003e 01       		.byte	1
  88 003f 40       		.byte	64
  89 0040 02       		.byte	2
  90 0041 50       		.byte	80
  91 0042 01       		.byte	1
  92 0043 40       		.byte	64
  93 0044 02       		.byte	2
  94 0045 51       		.byte	81
  95 0046 01       		.byte	1
  96 0047 40       		.byte	64
  97 0048 64       		.byte	100
  98 0049 02       		.byte	2
  99 004a 88       		.byte	-120
 100 004b 72       		.byte	114
 101 004c 89       		.byte	-119
 102 004d 38       		.byte	56
 103 004e 8B       		.byte	-117
 104 004f 0F       		.byte	15
 105 0050 E0       		.byte	-32
 106 0051 08       		.byte	8
 107 0052 E4       		.byte	-28
 108 0053 01       		.byte	1
 109 0054 EA       		.byte	-22
 110 0055 05       		.byte	5
 111 0056 E6       		.byte	-26
 112 0057 02       		.byte	2
 113 0058 80       		.byte	-128
 114 0059 08       		.byte	8
ARM GAS  C:\Users\Perro\AppData\Local\Temp\ccg0cfhe.s 			page 3


 115 005a 86       		.byte	-122
 116 005b 04       		.byte	4
 117 005c 88       		.byte	-120
 118 005d 01       		.byte	1
 119 005e A1       		.byte	-95
 120 005f 01       		.byte	1
 121 0060 A2       		.byte	-94
 122 0061 02       		.byte	2
 123 0062 A4       		.byte	-92
 124 0063 01       		.byte	1
 125 0064 AA       		.byte	-86
 126 0065 02       		.byte	2
 127 0066 AC       		.byte	-84
 128 0067 01       		.byte	1
 129 0068 B0       		.byte	-80
 130 0069 02       		.byte	2
 131 006a B2       		.byte	-78
 132 006b 04       		.byte	4
 133 006c B4       		.byte	-76
 134 006d 01       		.byte	1
 135 006e B5       		.byte	-75
 136 006f 01       		.byte	1
 137 0070 B6       		.byte	-74
 138 0071 08       		.byte	8
 139 0072 BE       		.byte	-66
 140 0073 41       		.byte	65
 141 0074 BF       		.byte	-65
 142 0075 10       		.byte	16
 143 0076 D4       		.byte	-44
 144 0077 18       		.byte	24
 145 0078 D8       		.byte	-40
 146 0079 04       		.byte	4
 147 007a D9       		.byte	-39
 148 007b 04       		.byte	4
 149 007c DB       		.byte	-37
 150 007d 04       		.byte	4
 151 007e DF       		.byte	-33
 152 007f 01       		.byte	1
 153 0080 01       		.byte	1
 154 0081 0A       		.byte	10
 155 0082 03       		.byte	3
 156 0083 08       		.byte	8
 157 0084 05       		.byte	5
 158 0085 29       		.byte	41
 159 0086 06       		.byte	6
 160 0087 02       		.byte	2
 161 0088 0C       		.byte	12
 162 0089 41       		.byte	65
 163 008a 0D       		.byte	13
 164 008b 02       		.byte	2
 165 008c 0E       		.byte	14
 166 008d 0A       		.byte	10
 167 008e 0F       		.byte	15
 168 008f 20       		.byte	32
 169 0090 10       		.byte	16
 170 0091 22       		.byte	34
 171 0092 12       		.byte	18
ARM GAS  C:\Users\Perro\AppData\Local\Temp\ccg0cfhe.s 			page 4


 172 0093 48       		.byte	72
 173 0094 16       		.byte	22
 174 0095 80       		.byte	-128
 175 0096 17       		.byte	23
 176 0097 14       		.byte	20
 177 0098 1A       		.byte	26
 178 0099 01       		.byte	1
 179 009a 1B       		.byte	27
 180 009b 15       		.byte	21
 181 009c 1C       		.byte	28
 182 009d 10       		.byte	16
 183 009e 1D       		.byte	29
 184 009f 21       		.byte	33
 185 00a0 1E       		.byte	30
 186 00a1 0A       		.byte	10
 187 00a2 1F       		.byte	31
 188 00a3 10       		.byte	16
 189 00a4 23       		.byte	35
 190 00a5 08       		.byte	8
 191 00a6 25       		.byte	37
 192 00a7 0A       		.byte	10
 193 00a8 26       		.byte	38
 194 00a9 08       		.byte	8
 195 00aa 27       		.byte	39
 196 00ab 01       		.byte	1
 197 00ac 2B       		.byte	43
 198 00ad 40       		.byte	64
 199 00ae 2C       		.byte	44
 200 00af 41       		.byte	65
 201 00b0 2D       		.byte	45
 202 00b1 20       		.byte	32
 203 00b2 2F       		.byte	47
 204 00b3 10       		.byte	16
 205 00b4 35       		.byte	53
 206 00b5 41       		.byte	65
 207 00b6 37       		.byte	55
 208 00b7 14       		.byte	20
 209 00b8 3D       		.byte	61
 210 00b9 80       		.byte	-128
 211 00ba 3E       		.byte	62
 212 00bb 82       		.byte	-126
 213 00bc 3F       		.byte	63
 214 00bd 28       		.byte	40
 215 00be 44       		.byte	68
 216 00bf 40       		.byte	64
 217 00c0 45       		.byte	69
 218 00c1 28       		.byte	40
 219 00c2 47       		.byte	71
 220 00c3 40       		.byte	64
 221 00c4 4F       		.byte	79
 222 00c5 20       		.byte	32
 223 00c6 55       		.byte	85
 224 00c7 01       		.byte	1
 225 00c8 56       		.byte	86
 226 00c9 40       		.byte	64
 227 00ca 5B       		.byte	91
 228 00cb 01       		.byte	1
ARM GAS  C:\Users\Perro\AppData\Local\Temp\ccg0cfhe.s 			page 5


 229 00cc 5C       		.byte	92
 230 00cd 10       		.byte	16
 231 00ce 60       		.byte	96
 232 00cf 04       		.byte	4
 233 00d0 63       		.byte	99
 234 00d1 02       		.byte	2
 235 00d2 6C       		.byte	108
 236 00d3 22       		.byte	34
 237 00d4 6E       		.byte	110
 238 00d5 04       		.byte	4
 239 00d6 6F       		.byte	111
 240 00d7 08       		.byte	8
 241 00d8 76       		.byte	118
 242 00d9 02       		.byte	2
 243 00da 77       		.byte	119
 244 00db 14       		.byte	20
 245 00dc 86       		.byte	-122
 246 00dd 01       		.byte	1
 247 00de C0       		.byte	-64
 248 00df FE       		.byte	-2
 249 00e0 C2       		.byte	-62
 250 00e1 F0       		.byte	-16
 251 00e2 C4       		.byte	-60
 252 00e3 7F       		.byte	127
 253 00e4 CA       		.byte	-54
 254 00e5 F1       		.byte	-15
 255 00e6 CC       		.byte	-52
 256 00e7 F0       		.byte	-16
 257 00e8 CE       		.byte	-50
 258 00e9 F0       		.byte	-16
 259 00ea D0       		.byte	-48
 260 00eb F0       		.byte	-16
 261 00ec D2       		.byte	-46
 262 00ed 20       		.byte	32
 263 00ee D6       		.byte	-42
 264 00ef 21       		.byte	33
 265 00f0 D8       		.byte	-40
 266 00f1 0C       		.byte	12
 267 00f2 E0       		.byte	-32
 268 00f3 08       		.byte	8
 269 00f4 E6       		.byte	-26
 270 00f5 02       		.byte	2
 271 00f6 02       		.byte	2
 272 00f7 03       		.byte	3
 273 00f8 04       		.byte	4
 274 00f9 10       		.byte	16
 275 00fa 06       		.byte	6
 276 00fb 0C       		.byte	12
 277 00fc 07       		.byte	7
 278 00fd 08       		.byte	8
 279 00fe 08       		.byte	8
 280 00ff 10       		.byte	16
 281 0100 0C       		.byte	12
 282 0101 09       		.byte	9
 283 0102 0D       		.byte	13
 284 0103 80       		.byte	-128
 285 0104 0E       		.byte	14
ARM GAS  C:\Users\Perro\AppData\Local\Temp\ccg0cfhe.s 			page 6


 286 0105 10       		.byte	16
 287 0106 0F       		.byte	15
 288 0107 13       		.byte	19
 289 0108 12       		.byte	18
 290 0109 20       		.byte	32
 291 010a 15       		.byte	21
 292 010b 2C       		.byte	44
 293 010c 16       		.byte	22
 294 010d 20       		.byte	32
 295 010e 17       		.byte	23
 296 010f 43       		.byte	67
 297 0110 18       		.byte	24
 298 0111 0C       		.byte	12
 299 0112 19       		.byte	25
 300 0113 71       		.byte	113
 301 0114 1A       		.byte	26
 302 0115 11       		.byte	17
 303 0116 1B       		.byte	27
 304 0117 06       		.byte	6
 305 0118 23       		.byte	35
 306 0119 0C       		.byte	12
 307 011a 24       		.byte	36
 308 011b 14       		.byte	20
 309 011c 25       		.byte	37
 310 011d 71       		.byte	113
 311 011e 27       		.byte	39
 312 011f 0E       		.byte	14
 313 0120 28       		.byte	40
 314 0121 1C       		.byte	28
 315 0122 2A       		.byte	42
 316 0123 02       		.byte	2
 317 0124 30       		.byte	48
 318 0125 1F       		.byte	31
 319 0126 31       		.byte	49
 320 0127 C0       		.byte	-64
 321 0128 33       		.byte	51
 322 0129 0F       		.byte	15
 323 012a 34       		.byte	52
 324 012b 20       		.byte	32
 325 012c 35       		.byte	53
 326 012d 30       		.byte	48
 327 012e 39       		.byte	57
 328 012f 22       		.byte	34
 329 0130 3B       		.byte	59
 330 0131 08       		.byte	8
 331 0132 3E       		.byte	62
 332 0133 10       		.byte	16
 333 0134 3F       		.byte	63
 334 0135 10       		.byte	16
 335 0136 40       		.byte	64
 336 0137 02       		.byte	2
 337 0138 45       		.byte	69
 338 0139 04       		.byte	4
 339 013a 49       		.byte	73
 340 013b FF       		.byte	-1
 341 013c 4A       		.byte	74
 342 013d 07       		.byte	7
ARM GAS  C:\Users\Perro\AppData\Local\Temp\ccg0cfhe.s 			page 7


 343 013e 4B       		.byte	75
 344 013f FF       		.byte	-1
 345 0140 4C       		.byte	76
 346 0141 40       		.byte	64
 347 0142 4D       		.byte	77
 348 0143 20       		.byte	32
 349 0144 4E       		.byte	78
 350 0145 F0       		.byte	-16
 351 0146 4F       		.byte	79
 352 0147 05       		.byte	5
 353 0148 50       		.byte	80
 354 0149 08       		.byte	8
 355 014a 58       		.byte	88
 356 014b 04       		.byte	4
 357 014c 59       		.byte	89
 358 014d 04       		.byte	4
 359 014e 5A       		.byte	90
 360 014f 04       		.byte	4
 361 0150 5F       		.byte	95
 362 0151 01       		.byte	1
 363 0152 60       		.byte	96
 364 0153 40       		.byte	64
 365 0154 61       		.byte	97
 366 0155 A8       		.byte	-88
 367 0156 62       		.byte	98
 368 0157 40       		.byte	64
 369 0158 63       		.byte	99
 370 0159 20       		.byte	32
 371 015a 81       		.byte	-127
 372 015b 48       		.byte	72
 373 015c 82       		.byte	-126
 374 015d 35       		.byte	53
 375 015e 83       		.byte	-125
 376 015f 34       		.byte	52
 377 0160 84       		.byte	-124
 378 0161 4A       		.byte	74
 379 0162 85       		.byte	-123
 380 0163 F8       		.byte	-8
 381 0164 86       		.byte	-122
 382 0165 34       		.byte	52
 383 0166 88       		.byte	-120
 384 0167 13       		.byte	19
 385 0168 8A       		.byte	-118
 386 0169 2C       		.byte	44
 387 016a 8D       		.byte	-115
 388 016b 20       		.byte	32
 389 016c 8E       		.byte	-114
 390 016d 48       		.byte	72
 391 016e 8F       		.byte	-113
 392 016f C2       		.byte	-62
 393 0170 93       		.byte	-109
 394 0171 01       		.byte	1
 395 0172 95       		.byte	-107
 396 0173 01       		.byte	1
 397 0174 98       		.byte	-104
 398 0175 03       		.byte	3
 399 0176 99       		.byte	-103
ARM GAS  C:\Users\Perro\AppData\Local\Temp\ccg0cfhe.s 			page 8


 400 0177 90       		.byte	-112
 401 0178 9A       		.byte	-102
 402 0179 14       		.byte	20
 403 017a 9B       		.byte	-101
 404 017b 2C       		.byte	44
 405 017c A1       		.byte	-95
 406 017d 01       		.byte	1
 407 017e A4       		.byte	-92
 408 017f 13       		.byte	19
 409 0180 A6       		.byte	-90
 410 0181 64       		.byte	100
 411 0182 A9       		.byte	-87
 412 0183 F8       		.byte	-8
 413 0184 AA       		.byte	-86
 414 0185 40       		.byte	64
 415 0186 AF       		.byte	-81
 416 0187 01       		.byte	1
 417 0188 B0       		.byte	-80
 418 0189 10       		.byte	16
 419 018a B1       		.byte	-79
 420 018b 06       		.byte	6
 421 018c B2       		.byte	-78
 422 018d 68       		.byte	104
 423 018e B3       		.byte	-77
 424 018f 01       		.byte	1
 425 0190 B4       		.byte	-76
 426 0191 0F       		.byte	15
 427 0192 B5       		.byte	-75
 428 0193 18       		.byte	24
 429 0194 B7       		.byte	-73
 430 0195 E0       		.byte	-32
 431 0196 B9       		.byte	-71
 432 0197 08       		.byte	8
 433 0198 BA       		.byte	-70
 434 0199 28       		.byte	40
 435 019a BE       		.byte	-66
 436 019b 01       		.byte	1
 437 019c BF       		.byte	-65
 438 019d 01       		.byte	1
 439 019e C0       		.byte	-64
 440 019f 24       		.byte	36
 441 01a0 C1       		.byte	-63
 442 01a1 03       		.byte	3
 443 01a2 C5       		.byte	-59
 444 01a3 0C       		.byte	12
 445 01a4 C6       		.byte	-58
 446 01a5 CE       		.byte	-50
 447 01a6 C7       		.byte	-57
 448 01a7 0B       		.byte	11
 449 01a8 C8       		.byte	-56
 450 01a9 1D       		.byte	29
 451 01aa C9       		.byte	-55
 452 01ab FF       		.byte	-1
 453 01ac CA       		.byte	-54
 454 01ad FF       		.byte	-1
 455 01ae CB       		.byte	-53
 456 01af FF       		.byte	-1
ARM GAS  C:\Users\Perro\AppData\Local\Temp\ccg0cfhe.s 			page 9


 457 01b0 CE       		.byte	-50
 458 01b1 F0       		.byte	-16
 459 01b2 CF       		.byte	-49
 460 01b3 44       		.byte	68
 461 01b4 D0       		.byte	-48
 462 01b5 0C       		.byte	12
 463 01b6 D4       		.byte	-44
 464 01b7 01       		.byte	1
 465 01b8 D8       		.byte	-40
 466 01b9 04       		.byte	4
 467 01ba D9       		.byte	-39
 468 01bb 04       		.byte	4
 469 01bc DA       		.byte	-38
 470 01bd 04       		.byte	4
 471 01be DB       		.byte	-37
 472 01bf 04       		.byte	4
 473 01c0 DF       		.byte	-33
 474 01c1 01       		.byte	1
 475 01c2 E6       		.byte	-26
 476 01c3 C0       		.byte	-64
 477 01c4 EA       		.byte	-22
 478 01c5 40       		.byte	64
 479 01c6 EB       		.byte	-21
 480 01c7 02       		.byte	2
 481 01c8 00       		.byte	0
 482 01c9 60       		.byte	96
 483 01ca 01       		.byte	1
 484 01cb 02       		.byte	2
 485 01cc 03       		.byte	3
 486 01cd 10       		.byte	16
 487 01ce 04       		.byte	4
 488 01cf 40       		.byte	64
 489 01d0 05       		.byte	5
 490 01d1 10       		.byte	16
 491 01d2 06       		.byte	6
 492 01d3 41       		.byte	65
 493 01d4 07       		.byte	7
 494 01d5 20       		.byte	32
 495 01d6 08       		.byte	8
 496 01d7 20       		.byte	32
 497 01d8 09       		.byte	9
 498 01d9 09       		.byte	9
 499 01da 0F       		.byte	15
 500 01db 08       		.byte	8
 501 01dc 11       		.byte	17
 502 01dd 08       		.byte	8
 503 01de 13       		.byte	19
 504 01df 20       		.byte	32
 505 01e0 14       		.byte	20
 506 01e1 20       		.byte	32
 507 01e2 16       		.byte	22
 508 01e3 04       		.byte	4
 509 01e4 18       		.byte	24
 510 01e5 04       		.byte	4
 511 01e6 19       		.byte	25
 512 01e7 02       		.byte	2
 513 01e8 1D       		.byte	29
ARM GAS  C:\Users\Perro\AppData\Local\Temp\ccg0cfhe.s 			page 10


 514 01e9 14       		.byte	20
 515 01ea 1E       		.byte	30
 516 01eb 40       		.byte	64
 517 01ec 20       		.byte	32
 518 01ed 40       		.byte	64
 519 01ee 21       		.byte	33
 520 01ef 10       		.byte	16
 521 01f0 22       		.byte	34
 522 01f1 04       		.byte	4
 523 01f2 23       		.byte	35
 524 01f3 20       		.byte	32
 525 01f4 25       		.byte	37
 526 01f5 48       		.byte	72
 527 01f6 26       		.byte	38
 528 01f7 10       		.byte	16
 529 01f8 27       		.byte	39
 530 01f9 40       		.byte	64
 531 01fa 28       		.byte	40
 532 01fb 20       		.byte	32
 533 01fc 29       		.byte	41
 534 01fd 04       		.byte	4
 535 01fe 2A       		.byte	42
 536 01ff 01       		.byte	1
 537 0200 2C       		.byte	44
 538 0201 41       		.byte	65
 539 0202 2F       		.byte	47
 540 0203 08       		.byte	8
 541 0204 31       		.byte	49
 542 0205 10       		.byte	16
 543 0206 32       		.byte	50
 544 0207 04       		.byte	4
 545 0208 33       		.byte	51
 546 0209 10       		.byte	16
 547 020a 35       		.byte	53
 548 020b 21       		.byte	33
 549 020c 36       		.byte	54
 550 020d 14       		.byte	20
 551 020e 38       		.byte	56
 552 020f 80       		.byte	-128
 553 0210 3A       		.byte	58
 554 0211 04       		.byte	4
 555 0212 3B       		.byte	59
 556 0213 04       		.byte	4
 557 0214 3D       		.byte	61
 558 0215 80       		.byte	-128
 559 0216 3E       		.byte	62
 560 0217 06       		.byte	6
 561 0218 41       		.byte	65
 562 0219 10       		.byte	16
 563 021a 44       		.byte	68
 564 021b 20       		.byte	32
 565 021c 46       		.byte	70
 566 021d 40       		.byte	64
 567 021e 47       		.byte	71
 568 021f 10       		.byte	16
 569 0220 48       		.byte	72
 570 0221 10       		.byte	16
ARM GAS  C:\Users\Perro\AppData\Local\Temp\ccg0cfhe.s 			page 11


 571 0222 4B       		.byte	75
 572 0223 04       		.byte	4
 573 0224 4F       		.byte	79
 574 0225 08       		.byte	8
 575 0226 50       		.byte	80
 576 0227 40       		.byte	64
 577 0228 52       		.byte	82
 578 0229 40       		.byte	64
 579 022a 55       		.byte	85
 580 022b 04       		.byte	4
 581 022c 57       		.byte	87
 582 022d 50       		.byte	80
 583 022e 5D       		.byte	93
 584 022f 01       		.byte	1
 585 0230 5E       		.byte	94
 586 0231 40       		.byte	64
 587 0232 5F       		.byte	95
 588 0233 18       		.byte	24
 589 0234 63       		.byte	99
 590 0235 30       		.byte	48
 591 0236 79       		.byte	121
 592 0237 01       		.byte	1
 593 0238 7B       		.byte	123
 594 0239 40       		.byte	64
 595 023a 89       		.byte	-119
 596 023b 48       		.byte	72
 597 023c 8A       		.byte	-118
 598 023d 02       		.byte	2
 599 023e 92       		.byte	-110
 600 023f 04       		.byte	4
 601 0240 94       		.byte	-108
 602 0241 04       		.byte	4
 603 0242 98       		.byte	-104
 604 0243 41       		.byte	65
 605 0244 99       		.byte	-103
 606 0245 01       		.byte	1
 607 0246 9B       		.byte	-101
 608 0247 08       		.byte	8
 609 0248 9D       		.byte	-99
 610 0249 6A       		.byte	106
 611 024a 9F       		.byte	-97
 612 024b 40       		.byte	64
 613 024c A1       		.byte	-95
 614 024d 01       		.byte	1
 615 024e A2       		.byte	-94
 616 024f 04       		.byte	4
 617 0250 A3       		.byte	-93
 618 0251 08       		.byte	8
 619 0252 A5       		.byte	-91
 620 0253 40       		.byte	64
 621 0254 A7       		.byte	-89
 622 0255 40       		.byte	64
 623 0256 C0       		.byte	-64
 624 0257 FF       		.byte	-1
 625 0258 C2       		.byte	-62
 626 0259 4E       		.byte	78
 627 025a C4       		.byte	-60
ARM GAS  C:\Users\Perro\AppData\Local\Temp\ccg0cfhe.s 			page 12


 628 025b 66       		.byte	102
 629 025c CA       		.byte	-54
 630 025d B3       		.byte	-77
 631 025e CC       		.byte	-52
 632 025f E6       		.byte	-26
 633 0260 CE       		.byte	-50
 634 0261 DA       		.byte	-38
 635 0262 D0       		.byte	-48
 636 0263 E4       		.byte	-28
 637 0264 D6       		.byte	-42
 638 0265 F0       		.byte	-16
 639 0266 E0       		.byte	-32
 640 0267 08       		.byte	8
 641 0268 E4       		.byte	-28
 642 0269 01       		.byte	1
 643 026a EA       		.byte	-22
 644 026b 05       		.byte	5
 645 026c 32       		.byte	50
 646 026d 20       		.byte	32
 647 026e CC       		.byte	-52
 648 026f 10       		.byte	16
 649 0270 A6       		.byte	-90
 650 0271 20       		.byte	32
 651 0272 3E       		.byte	62
 652 0273 10       		.byte	16
 653 0274 A6       		.byte	-90
 654 0275 20       		.byte	32
 655 0276 CE       		.byte	-50
 656 0277 20       		.byte	32
 657 0278 96       		.byte	-106
 658 0279 10       		.byte	16
 659 027a A6       		.byte	-90
 660 027b 20       		.byte	32
 661 027c 22       		.byte	34
 662 027d 01       		.byte	1
 663 027e 84       		.byte	-124
 664 027f 04       		.byte	4
 665 0280 96       		.byte	-106
 666 0281 10       		.byte	16
 667 0282 A6       		.byte	-90
 668 0283 20       		.byte	32
 669 0284 C8       		.byte	-56
 670 0285 40       		.byte	64
 671 0286 E6       		.byte	-26
 672 0287 40       		.byte	64
 673 0288 12       		.byte	18
 674 0289 20       		.byte	32
 675 028a 16       		.byte	22
 676 028b 40       		.byte	64
 677 028c 74       		.byte	116
 678 028d 04       		.byte	4
 679 028e 7B       		.byte	123
 680 028f 02       		.byte	2
 681 0290 82       		.byte	-126
 682 0291 20       		.byte	32
 683 0292 86       		.byte	-122
 684 0293 40       		.byte	64
ARM GAS  C:\Users\Perro\AppData\Local\Temp\ccg0cfhe.s 			page 13


 685 0294 A0       		.byte	-96
 686 0295 04       		.byte	4
 687 0296 A3       		.byte	-93
 688 0297 02       		.byte	2
 689 0298 AA       		.byte	-86
 690 0299 10       		.byte	16
 691 029a AB       		.byte	-85
 692 029b 02       		.byte	2
 693 029c AE       		.byte	-82
 694 029d 21       		.byte	33
 695 029e C4       		.byte	-60
 696 029f 30       		.byte	48
 697 02a0 DC       		.byte	-36
 698 02a1 80       		.byte	-128
 699 02a2 DE       		.byte	-34
 700 02a3 20       		.byte	32
 701 02a4 E0       		.byte	-32
 702 02a5 10       		.byte	16
 703 02a6 E4       		.byte	-28
 704 02a7 80       		.byte	-128
 705 02a8 EA       		.byte	-22
 706 02a9 A0       		.byte	-96
 707 02aa 13       		.byte	19
 708 02ab 28       		.byte	40
 709 02ac 15       		.byte	21
 710 02ad 04       		.byte	4
 711 02ae 7B       		.byte	123
 712 02af 10       		.byte	16
 713 02b0 7F       		.byte	127
 714 02b1 40       		.byte	64
 715 02b2 85       		.byte	-123
 716 02b3 04       		.byte	4
 717 02b4 87       		.byte	-121
 718 02b5 10       		.byte	16
 719 02b6 C4       		.byte	-60
 720 02b7 0E       		.byte	14
 721 02b8 DE       		.byte	-34
 722 02b9 03       		.byte	3
 723 02ba 10       		.byte	16
 724 02bb 40       		.byte	64
 725 02bc 73       		.byte	115
 726 02bd 10       		.byte	16
 727 02be 83       		.byte	-125
 728 02bf 10       		.byte	16
 729 02c0 87       		.byte	-121
 730 02c1 40       		.byte	64
 731 02c2 88       		.byte	-120
 732 02c3 40       		.byte	64
 733 02c4 93       		.byte	-109
 734 02c5 10       		.byte	16
 735 02c6 97       		.byte	-105
 736 02c7 80       		.byte	-128
 737 02c8 A7       		.byte	-89
 738 02c9 10       		.byte	16
 739 02ca AB       		.byte	-85
 740 02cb 28       		.byte	40
 741 02cc C4       		.byte	-60
ARM GAS  C:\Users\Perro\AppData\Local\Temp\ccg0cfhe.s 			page 14


 742 02cd 08       		.byte	8
 743 02ce DC       		.byte	-36
 744 02cf 01       		.byte	1
 745 02d0 E2       		.byte	-30
 746 02d1 01       		.byte	1
 747 02d2 10       		.byte	16
 748 02d3 01       		.byte	1
 749 02d4 1C       		.byte	28
 750 02d5 01       		.byte	1
 751 02d6 00       		.byte	0
 752 02d7 03       		.byte	3
 753 02d8 03       		.byte	3
 754 02d9 C0       		.byte	-64
 755 02da 00       		.byte	0
 756 02db 00       		.byte	0
 757 02dc 02       		.byte	2
 758 02dd 80       		.byte	-128
 759 02de 00       		.byte	0
 760 02df 00       		.byte	0
 761 02e0 43       		.byte	67
 762 02e1 00       		.byte	0
 763 02e2 00       		.byte	0
 764 02e3 00       		.byte	0
 765 02e4 1F       		.byte	31
 766 02e5 10       		.byte	16
 767 02e6 20       		.byte	32
 768 02e7 00       		.byte	0
 769 02e8 01       		.byte	1
 770 02e9 00       		.byte	0
 771 02ea 00       		.byte	0
 772 02eb 04       		.byte	4
 773 02ec 02       		.byte	2
 774 02ed 00       		.byte	0
 775 02ee 00       		.byte	0
 776 02ef E3       		.byte	-29
 777 02f0 08       		.byte	8
 778 02f1 C0       		.byte	-64
 779 02f2 00       		.byte	0
 780 02f3 00       		.byte	0
 781 02f4 1C       		.byte	28
 782 02f5 1C       		.byte	28
 783 02f6 23       		.byte	35
 784 02f7 E1       		.byte	-31
 785 02f8 00       		.byte	0
 786 02f9 08       		.byte	8
 787 02fa 23       		.byte	35
 788 02fb 00       		.byte	0
 789 02fc 33       		.byte	51
 790 02fd 18       		.byte	24
 791 02fe 0C       		.byte	12
 792 02ff 00       		.byte	0
 793 0300 3F       		.byte	63
 794 0301 44       		.byte	68
 795 0302 00       		.byte	0
 796 0303 00       		.byte	0
 797 0304 03       		.byte	3
 798 0305 FF       		.byte	-1
ARM GAS  C:\Users\Perro\AppData\Local\Temp\ccg0cfhe.s 			page 15


 799 0306 00       		.byte	0
 800 0307 00       		.byte	0
 801 0308 04       		.byte	4
 802 0309 E7       		.byte	-25
 803 030a 00       		.byte	0
 804 030b 18       		.byte	24
 805 030c 0C       		.byte	12
 806 030d 80       		.byte	-128
 807 030e 00       		.byte	0
 808 030f 00       		.byte	0
 809 0310 00       		.byte	0
 810 0311 3C       		.byte	60
 811 0312 00       		.byte	0
 812 0313 C2       		.byte	-62
 813 0314 2C       		.byte	44
 814 0315 1F       		.byte	31
 815 0316 10       		.byte	16
 816 0317 38       		.byte	56
 817 0318 0F       		.byte	15
 818 0319 00       		.byte	0
 819 031a 00       		.byte	0
 820 031b C0       		.byte	-64
 821 031c 00       		.byte	0
 822 031d 00       		.byte	0
 823 031e A2       		.byte	-94
 824 031f 02       		.byte	2
 825 0320 00       		.byte	0
 826 0321 00       		.byte	0
 827 0322 04       		.byte	4
 828 0323 00       		.byte	0
 829 0324 26       		.byte	38
 830 0325 04       		.byte	4
 831 0326 03       		.byte	3
 832 0327 00       		.byte	0
 833 0328 01       		.byte	1
 834 0329 00       		.byte	0
 835 032a 0C       		.byte	12
 836 032b E0       		.byte	-32
 837 032c 24       		.byte	36
 838 032d FF       		.byte	-1
 839 032e FF       		.byte	-1
 840 032f FF       		.byte	-1
 841 0330 62       		.byte	98
 842 0331 A0       		.byte	-96
 843 0332 F0       		.byte	-16
 844 0333 41       		.byte	65
 845 0334 0C       		.byte	12
 846 0335 00       		.byte	0
 847 0336 00       		.byte	0
 848 0337 00       		.byte	0
 849 0338 00       		.byte	0
 850 0339 00       		.byte	0
 851 033a 02       		.byte	2
 852 033b 11       		.byte	17
 853 033c 04       		.byte	4
 854 033d 04       		.byte	4
 855 033e 04       		.byte	4
ARM GAS  C:\Users\Perro\AppData\Local\Temp\ccg0cfhe.s 			page 16


 856 033f 04       		.byte	4
 857 0340 00       		.byte	0
 858 0341 00       		.byte	0
 859 0342 00       		.byte	0
 860 0343 01       		.byte	1
 861 0344 00       		.byte	0
 862 0345 00       		.byte	0
 863 0346 00       		.byte	0
 864 0347 00       		.byte	0
 865 0348 00       		.byte	0
 866 0349 00       		.byte	0
 867 034a 40       		.byte	64
 868 034b 02       		.byte	2
 869 034c 00       		.byte	0
 870 034d 10       		.byte	16
 871 034e 30       		.byte	48
 872 034f 10       		.byte	16
 873 0350 00       		.byte	0
 874 0351 10       		.byte	16
 875 0352 10       		.byte	16
 876 0353 12       		.byte	18
 877 0354 00       		.byte	0
 878 0355 00       		.byte	0
 879 0356 00       		.byte	0
 880 0357 00       		.byte	0
 881 0358 00       		.byte	0
 882 0359 00       		.byte	0
 883 035a 00       		.byte	0
 884 035b 00       		.byte	0
 885 035c 00       		.byte	0
 886 035d 00       		.byte	0
 887 035e 00       		.byte	0
 888 035f 00       		.byte	0
 889 0360 00       		.byte	0
 890 0361 00       		.byte	0
 891 0362 00       		.byte	0
 892 0363 00       		.byte	0
 893 0364 83       		.byte	-125
 894 0365 00       		.byte	0
 895 0366 50       		.byte	80
 896 0367 80       		.byte	-128
 897 0368 83       		.byte	-125
 898 0369 00       		.byte	0
 899 036a 83       		.byte	-125
 900 036b 00       		.byte	0
 901 036c 00       		.byte	0
 902 036d 00       		.byte	0
 903 036e 00       		.byte	0
 904 036f 00       		.byte	0
 905 0370 00       		.byte	0
 906 0371 0B       		.byte	11
 907 0372 0B       		.byte	11
 908 0373 00       		.byte	0
 909 0374 00       		.byte	0
 910 0375 00       		.byte	0
 911 0376 00       		.byte	0
 912 0377 00       		.byte	0
ARM GAS  C:\Users\Perro\AppData\Local\Temp\ccg0cfhe.s 			page 17


 913 0378 00       		.byte	0
 914 0379 02       		.byte	2
 915 037a 02       		.byte	2
 916 037b 00       		.byte	0
 917 037c 00       		.byte	0
 918 037d 00       		.byte	0
 919 037e 00       		.byte	0
 920 037f 00       		.byte	0
 921              		.global	cy_meta_custnvl
 922              		.section	.cycustnvl,"a",%progbits
 923              		.align	2
 924              		.type	cy_meta_custnvl, %object
 925              		.size	cy_meta_custnvl, 4
 926              	cy_meta_custnvl:
 927 0000 00       		.byte	0
 928 0001 00       		.byte	0
 929 0002 40       		.byte	64
 930 0003 05       		.byte	5
 931              		.global	cy_meta_wonvl
 932              		.section	.cywolatch,"a",%progbits
 933              		.align	2
 934              		.type	cy_meta_wonvl, %object
 935              		.size	cy_meta_wonvl, 4
 936              	cy_meta_wonvl:
 937 0000 BC       		.byte	-68
 938 0001 90       		.byte	-112
 939 0002 AC       		.byte	-84
 940 0003 AF       		.byte	-81
 941              		.global	cy_meta_flashprotect
 942              		.section	.cyflashprotect,"a",%progbits
 943              		.align	2
 944              		.type	cy_meta_flashprotect, %object
 945              		.size	cy_meta_flashprotect, 256
 946              	cy_meta_flashprotect:
 947 0000 00000000 		.space	256
 947      00000000 
 947      00000000 
 947      00000000 
 947      00000000 
 948              		.global	cy_metadata
 949              		.section	.cymeta,"a",%progbits
 950              		.align	2
 951              		.type	cy_metadata, %object
 952              		.size	cy_metadata, 12
 953              	cy_metadata:
 954 0000 00       		.byte	0
 955 0001 01       		.byte	1
 956 0002 2E       		.byte	46
 957 0003 16       		.byte	22
 958 0004 10       		.byte	16
 959 0005 69       		.byte	105
 960 0006 00       		.byte	0
 961 0007 01       		.byte	1
 962 0008 00       		.byte	0
 963 0009 00       		.byte	0
 964 000a 00       		.byte	0
 965 000b 00       		.byte	0
ARM GAS  C:\Users\Perro\AppData\Local\Temp\ccg0cfhe.s 			page 18


 966              		.text
 967              	.Letext0:
 968              		.file 1 "c:\\program files (x86)\\cypress\\psoc creator\\4.4\\psoc creator\\import\\gnu\\arm\\5.4.
 969              		.file 2 "c:\\program files (x86)\\cypress\\psoc creator\\4.4\\psoc creator\\import\\gnu\\arm\\5.4.
 970              		.file 3 "Generated_Source\\PSoC5\\cymetadata.c"
 971              		.section	.debug_info,"",%progbits
 972              	.Ldebug_info0:
 973 0000 31010000 		.4byte	0x131
 974 0004 0400     		.2byte	0x4
 975 0006 00000000 		.4byte	.Ldebug_abbrev0
 976 000a 04       		.byte	0x4
 977 000b 01       		.uleb128 0x1
 978 000c 0A000000 		.4byte	.LASF17
 979 0010 0C       		.byte	0xc
 980 0011 C9010000 		.4byte	.LASF18
 981 0015 98000000 		.4byte	.LASF19
 982 0019 00000000 		.4byte	.Ldebug_line0
 983 001d 02       		.uleb128 0x2
 984 001e 01       		.byte	0x1
 985 001f 06       		.byte	0x6
 986 0020 BD010000 		.4byte	.LASF0
 987 0024 03       		.uleb128 0x3
 988 0025 00000000 		.4byte	.LASF9
 989 0029 01       		.byte	0x1
 990 002a 1D       		.byte	0x1d
 991 002b 2F000000 		.4byte	0x2f
 992 002f 02       		.uleb128 0x2
 993 0030 01       		.byte	0x1
 994 0031 08       		.byte	0x8
 995 0032 EF000000 		.4byte	.LASF1
 996 0036 02       		.uleb128 0x2
 997 0037 02       		.byte	0x2
 998 0038 05       		.byte	0x5
 999 0039 AA010000 		.4byte	.LASF2
 1000 003d 02       		.uleb128 0x2
 1001 003e 02       		.byte	0x2
 1002 003f 07       		.byte	0x7
 1003 0040 0F010000 		.4byte	.LASF3
 1004 0044 02       		.uleb128 0x2
 1005 0045 04       		.byte	0x4
 1006 0046 05       		.byte	0x5
 1007 0047 B4010000 		.4byte	.LASF4
 1008 004b 02       		.uleb128 0x2
 1009 004c 04       		.byte	0x4
 1010 004d 07       		.byte	0x7
 1011 004e FD000000 		.4byte	.LASF5
 1012 0052 02       		.uleb128 0x2
 1013 0053 08       		.byte	0x8
 1014 0054 05       		.byte	0x5
 1015 0055 9C010000 		.4byte	.LASF6
 1016 0059 02       		.uleb128 0x2
 1017 005a 08       		.byte	0x8
 1018 005b 07       		.byte	0x7
 1019 005c 51010000 		.4byte	.LASF7
 1020 0060 04       		.uleb128 0x4
 1021 0061 04       		.byte	0x4
 1022 0062 05       		.byte	0x5
ARM GAS  C:\Users\Perro\AppData\Local\Temp\ccg0cfhe.s 			page 19


 1023 0063 696E7400 		.ascii	"int\000"
 1024 0067 02       		.uleb128 0x2
 1025 0068 04       		.byte	0x4
 1026 0069 07       		.byte	0x7
 1027 006a 44010000 		.4byte	.LASF8
 1028 006e 03       		.uleb128 0x3
 1029 006f 68010000 		.4byte	.LASF10
 1030 0073 02       		.byte	0x2
 1031 0074 18       		.byte	0x18
 1032 0075 24000000 		.4byte	0x24
 1033 0079 05       		.uleb128 0x5
 1034 007a 91000000 		.4byte	0x91
 1035 007e 8A000000 		.4byte	0x8a
 1036 0082 06       		.uleb128 0x6
 1037 0083 8A000000 		.4byte	0x8a
 1038 0087 7F03     		.2byte	0x37f
 1039 0089 00       		.byte	0
 1040 008a 02       		.uleb128 0x2
 1041 008b 04       		.byte	0x4
 1042 008c 07       		.byte	0x7
 1043 008d 93010000 		.4byte	.LASF11
 1044 0091 07       		.uleb128 0x7
 1045 0092 6E000000 		.4byte	0x6e
 1046 0096 08       		.uleb128 0x8
 1047 0097 32010000 		.4byte	.LASF12
 1048 009b 03       		.byte	0x3
 1049 009c 1F       		.byte	0x1f
 1050 009d A7000000 		.4byte	0xa7
 1051 00a1 05       		.uleb128 0x5
 1052 00a2 03       		.byte	0x3
 1053 00a3 00000000 		.4byte	cy_meta_configecc
 1054 00a7 07       		.uleb128 0x7
 1055 00a8 79000000 		.4byte	0x79
 1056 00ac 05       		.uleb128 0x5
 1057 00ad 91000000 		.4byte	0x91
 1058 00b1 BC000000 		.4byte	0xbc
 1059 00b5 09       		.uleb128 0x9
 1060 00b6 8A000000 		.4byte	0x8a
 1061 00ba 03       		.byte	0x3
 1062 00bb 00       		.byte	0
 1063 00bc 08       		.uleb128 0x8
 1064 00bd 22010000 		.4byte	.LASF13
 1065 00c1 03       		.byte	0x3
 1066 00c2 9C       		.byte	0x9c
 1067 00c3 CD000000 		.4byte	0xcd
 1068 00c7 05       		.uleb128 0x5
 1069 00c8 03       		.byte	0x3
 1070 00c9 00000000 		.4byte	cy_meta_custnvl
 1071 00cd 07       		.uleb128 0x7
 1072 00ce AC000000 		.4byte	0xac
 1073 00d2 08       		.uleb128 0x8
 1074 00d3 85010000 		.4byte	.LASF14
 1075 00d7 03       		.byte	0x3
 1076 00d8 AA       		.byte	0xaa
 1077 00d9 E3000000 		.4byte	0xe3
 1078 00dd 05       		.uleb128 0x5
 1079 00de 03       		.byte	0x3
ARM GAS  C:\Users\Perro\AppData\Local\Temp\ccg0cfhe.s 			page 20


 1080 00df 00000000 		.4byte	cy_meta_wonvl
 1081 00e3 07       		.uleb128 0x7
 1082 00e4 AC000000 		.4byte	0xac
 1083 00e8 05       		.uleb128 0x5
 1084 00e9 91000000 		.4byte	0x91
 1085 00ed F8000000 		.4byte	0xf8
 1086 00f1 09       		.uleb128 0x9
 1087 00f2 8A000000 		.4byte	0x8a
 1088 00f6 FF       		.byte	0xff
 1089 00f7 00       		.byte	0
 1090 00f8 08       		.uleb128 0x8
 1091 00f9 70010000 		.4byte	.LASF15
 1092 00fd 03       		.byte	0x3
 1093 00fe B8       		.byte	0xb8
 1094 00ff 09010000 		.4byte	0x109
 1095 0103 05       		.uleb128 0x5
 1096 0104 03       		.byte	0x3
 1097 0105 00000000 		.4byte	cy_meta_flashprotect
 1098 0109 07       		.uleb128 0x7
 1099 010a E8000000 		.4byte	0xe8
 1100 010e 05       		.uleb128 0x5
 1101 010f 91000000 		.4byte	0x91
 1102 0113 1E010000 		.4byte	0x11e
 1103 0117 09       		.uleb128 0x9
 1104 0118 8A000000 		.4byte	0x8a
 1105 011c 0B       		.byte	0xb
 1106 011d 00       		.byte	0
 1107 011e 08       		.uleb128 0x8
 1108 011f E3000000 		.4byte	.LASF16
 1109 0123 03       		.byte	0x3
 1110 0124 E5       		.byte	0xe5
 1111 0125 2F010000 		.4byte	0x12f
 1112 0129 05       		.uleb128 0x5
 1113 012a 03       		.byte	0x3
 1114 012b 00000000 		.4byte	cy_metadata
 1115 012f 07       		.uleb128 0x7
 1116 0130 0E010000 		.4byte	0x10e
 1117 0134 00       		.byte	0
 1118              		.section	.debug_abbrev,"",%progbits
 1119              	.Ldebug_abbrev0:
 1120 0000 01       		.uleb128 0x1
 1121 0001 11       		.uleb128 0x11
 1122 0002 01       		.byte	0x1
 1123 0003 25       		.uleb128 0x25
 1124 0004 0E       		.uleb128 0xe
 1125 0005 13       		.uleb128 0x13
 1126 0006 0B       		.uleb128 0xb
 1127 0007 03       		.uleb128 0x3
 1128 0008 0E       		.uleb128 0xe
 1129 0009 1B       		.uleb128 0x1b
 1130 000a 0E       		.uleb128 0xe
 1131 000b 10       		.uleb128 0x10
 1132 000c 17       		.uleb128 0x17
 1133 000d 00       		.byte	0
 1134 000e 00       		.byte	0
 1135 000f 02       		.uleb128 0x2
 1136 0010 24       		.uleb128 0x24
ARM GAS  C:\Users\Perro\AppData\Local\Temp\ccg0cfhe.s 			page 21


 1137 0011 00       		.byte	0
 1138 0012 0B       		.uleb128 0xb
 1139 0013 0B       		.uleb128 0xb
 1140 0014 3E       		.uleb128 0x3e
 1141 0015 0B       		.uleb128 0xb
 1142 0016 03       		.uleb128 0x3
 1143 0017 0E       		.uleb128 0xe
 1144 0018 00       		.byte	0
 1145 0019 00       		.byte	0
 1146 001a 03       		.uleb128 0x3
 1147 001b 16       		.uleb128 0x16
 1148 001c 00       		.byte	0
 1149 001d 03       		.uleb128 0x3
 1150 001e 0E       		.uleb128 0xe
 1151 001f 3A       		.uleb128 0x3a
 1152 0020 0B       		.uleb128 0xb
 1153 0021 3B       		.uleb128 0x3b
 1154 0022 0B       		.uleb128 0xb
 1155 0023 49       		.uleb128 0x49
 1156 0024 13       		.uleb128 0x13
 1157 0025 00       		.byte	0
 1158 0026 00       		.byte	0
 1159 0027 04       		.uleb128 0x4
 1160 0028 24       		.uleb128 0x24
 1161 0029 00       		.byte	0
 1162 002a 0B       		.uleb128 0xb
 1163 002b 0B       		.uleb128 0xb
 1164 002c 3E       		.uleb128 0x3e
 1165 002d 0B       		.uleb128 0xb
 1166 002e 03       		.uleb128 0x3
 1167 002f 08       		.uleb128 0x8
 1168 0030 00       		.byte	0
 1169 0031 00       		.byte	0
 1170 0032 05       		.uleb128 0x5
 1171 0033 01       		.uleb128 0x1
 1172 0034 01       		.byte	0x1
 1173 0035 49       		.uleb128 0x49
 1174 0036 13       		.uleb128 0x13
 1175 0037 01       		.uleb128 0x1
 1176 0038 13       		.uleb128 0x13
 1177 0039 00       		.byte	0
 1178 003a 00       		.byte	0
 1179 003b 06       		.uleb128 0x6
 1180 003c 21       		.uleb128 0x21
 1181 003d 00       		.byte	0
 1182 003e 49       		.uleb128 0x49
 1183 003f 13       		.uleb128 0x13
 1184 0040 2F       		.uleb128 0x2f
 1185 0041 05       		.uleb128 0x5
 1186 0042 00       		.byte	0
 1187 0043 00       		.byte	0
 1188 0044 07       		.uleb128 0x7
 1189 0045 26       		.uleb128 0x26
 1190 0046 00       		.byte	0
 1191 0047 49       		.uleb128 0x49
 1192 0048 13       		.uleb128 0x13
 1193 0049 00       		.byte	0
ARM GAS  C:\Users\Perro\AppData\Local\Temp\ccg0cfhe.s 			page 22


 1194 004a 00       		.byte	0
 1195 004b 08       		.uleb128 0x8
 1196 004c 34       		.uleb128 0x34
 1197 004d 00       		.byte	0
 1198 004e 03       		.uleb128 0x3
 1199 004f 0E       		.uleb128 0xe
 1200 0050 3A       		.uleb128 0x3a
 1201 0051 0B       		.uleb128 0xb
 1202 0052 3B       		.uleb128 0x3b
 1203 0053 0B       		.uleb128 0xb
 1204 0054 49       		.uleb128 0x49
 1205 0055 13       		.uleb128 0x13
 1206 0056 3F       		.uleb128 0x3f
 1207 0057 19       		.uleb128 0x19
 1208 0058 02       		.uleb128 0x2
 1209 0059 18       		.uleb128 0x18
 1210 005a 00       		.byte	0
 1211 005b 00       		.byte	0
 1212 005c 09       		.uleb128 0x9
 1213 005d 21       		.uleb128 0x21
 1214 005e 00       		.byte	0
 1215 005f 49       		.uleb128 0x49
 1216 0060 13       		.uleb128 0x13
 1217 0061 2F       		.uleb128 0x2f
 1218 0062 0B       		.uleb128 0xb
 1219 0063 00       		.byte	0
 1220 0064 00       		.byte	0
 1221 0065 00       		.byte	0
 1222              		.section	.debug_aranges,"",%progbits
 1223 0000 14000000 		.4byte	0x14
 1224 0004 0200     		.2byte	0x2
 1225 0006 00000000 		.4byte	.Ldebug_info0
 1226 000a 04       		.byte	0x4
 1227 000b 00       		.byte	0
 1228 000c 0000     		.2byte	0
 1229 000e 0000     		.2byte	0
 1230 0010 00000000 		.4byte	0
 1231 0014 00000000 		.4byte	0
 1232              		.section	.debug_line,"",%progbits
 1233              	.Ldebug_line0:
 1234 0000 3D010000 		.section	.debug_str,"MS",%progbits,1
 1234      02003701 
 1234      00000201 
 1234      FB0E0D00 
 1234      01010101 
 1235              	.LASF9:
 1236 0000 5F5F7569 		.ascii	"__uint8_t\000"
 1236      6E74385F 
 1236      7400
 1237              	.LASF17:
 1238 000a 474E5520 		.ascii	"GNU C11 5.4.1 20160609 (release) [ARM/embedded-5-br"
 1238      43313120 
 1238      352E342E 
 1238      31203230 
 1238      31363036 
 1239 003d 616E6368 		.ascii	"anch revision 237715] -mcpu=cortex-m3 -mthumb -g -O"
 1239      20726576 
ARM GAS  C:\Users\Perro\AppData\Local\Temp\ccg0cfhe.s 			page 23


 1239      6973696F 
 1239      6E203233 
 1239      37373135 
 1240 0070 30202D66 		.ascii	"0 -ffunction-sections -ffat-lto-objects\000"
 1240      66756E63 
 1240      74696F6E 
 1240      2D736563 
 1240      74696F6E 
 1241              	.LASF19:
 1242 0098 433A5C55 		.ascii	"C:\\Users\\Perro\\Desktop\\AY2122_II_Project-1\\Pro"
 1242      73657273 
 1242      5C506572 
 1242      726F5C44 
 1242      65736B74 
 1243 00c6 6A656374 		.ascii	"ject_LTEBS\\Saturimetro.cydsn\000"
 1243      5F4C5445 
 1243      42535C53 
 1243      61747572 
 1243      696D6574 
 1244              	.LASF16:
 1245 00e3 63795F6D 		.ascii	"cy_metadata\000"
 1245      65746164 
 1245      61746100 
 1246              	.LASF1:
 1247 00ef 756E7369 		.ascii	"unsigned char\000"
 1247      676E6564 
 1247      20636861 
 1247      7200
 1248              	.LASF5:
 1249 00fd 6C6F6E67 		.ascii	"long unsigned int\000"
 1249      20756E73 
 1249      69676E65 
 1249      6420696E 
 1249      7400
 1250              	.LASF3:
 1251 010f 73686F72 		.ascii	"short unsigned int\000"
 1251      7420756E 
 1251      7369676E 
 1251      65642069 
 1251      6E7400
 1252              	.LASF13:
 1253 0122 63795F6D 		.ascii	"cy_meta_custnvl\000"
 1253      6574615F 
 1253      63757374 
 1253      6E766C00 
 1254              	.LASF12:
 1255 0132 63795F6D 		.ascii	"cy_meta_configecc\000"
 1255      6574615F 
 1255      636F6E66 
 1255      69676563 
 1255      6300
 1256              	.LASF8:
 1257 0144 756E7369 		.ascii	"unsigned int\000"
 1257      676E6564 
 1257      20696E74 
 1257      00
 1258              	.LASF7:
ARM GAS  C:\Users\Perro\AppData\Local\Temp\ccg0cfhe.s 			page 24


 1259 0151 6C6F6E67 		.ascii	"long long unsigned int\000"
 1259      206C6F6E 
 1259      6720756E 
 1259      7369676E 
 1259      65642069 
 1260              	.LASF10:
 1261 0168 75696E74 		.ascii	"uint8_t\000"
 1261      385F7400 
 1262              	.LASF15:
 1263 0170 63795F6D 		.ascii	"cy_meta_flashprotect\000"
 1263      6574615F 
 1263      666C6173 
 1263      6870726F 
 1263      74656374 
 1264              	.LASF14:
 1265 0185 63795F6D 		.ascii	"cy_meta_wonvl\000"
 1265      6574615F 
 1265      776F6E76 
 1265      6C00
 1266              	.LASF11:
 1267 0193 73697A65 		.ascii	"sizetype\000"
 1267      74797065 
 1267      00
 1268              	.LASF6:
 1269 019c 6C6F6E67 		.ascii	"long long int\000"
 1269      206C6F6E 
 1269      6720696E 
 1269      7400
 1270              	.LASF2:
 1271 01aa 73686F72 		.ascii	"short int\000"
 1271      7420696E 
 1271      7400
 1272              	.LASF4:
 1273 01b4 6C6F6E67 		.ascii	"long int\000"
 1273      20696E74 
 1273      00
 1274              	.LASF0:
 1275 01bd 7369676E 		.ascii	"signed char\000"
 1275      65642063 
 1275      68617200 
 1276              	.LASF18:
 1277 01c9 47656E65 		.ascii	"Generated_Source\\PSoC5\\cymetadata.c\000"
 1277      72617465 
 1277      645F536F 
 1277      75726365 
 1277      5C50536F 
 1278              		.ident	"GCC: (GNU Tools for ARM Embedded Processors) 5.4.1 20160609 (release) [ARM/embedded-5-bran
