ARM GAS  C:\Users\Perro\AppData\Local\Temp\ccriZRC7.s 			page 1


   1              		.syntax unified
   2              		.cpu cortex-m3
   3              		.fpu softvfp
   4              		.eabi_attribute 20, 1
   5              		.eabi_attribute 21, 1
   6              		.eabi_attribute 23, 3
   7              		.eabi_attribute 24, 1
   8              		.eabi_attribute 25, 1
   9              		.eabi_attribute 26, 1
  10              		.eabi_attribute 30, 6
  11              		.eabi_attribute 34, 1
  12              		.eabi_attribute 18, 4
  13              		.thumb
  14              		.syntax unified
  15              		.file	"isr.c"
  16              		.text
  17              	.Ltext0:
  18              		.cfi_sections	.debug_frame
  19              		.global	count
  20              		.bss
  21              		.align	2
  22              		.type	count, %object
  23              		.size	count, 4
  24              	count:
  25 0000 00000000 		.space	4
  26              		.comm	msg,50,4
  27              		.section	.text.Count,"ax",%progbits
  28              		.align	2
  29              		.global	Count
  30              		.thumb
  31              		.thumb_func
  32              		.type	Count, %function
  33              	Count:
  34              	.LFB64:
  35              		.file 1 "isr.c"
   1:isr.c         **** /* ========================================
   2:isr.c         ****  *
   3:isr.c         ****  * Copyright YOUR COMPANY, THE YEAR
   4:isr.c         ****  * All Rights Reserved
   5:isr.c         ****  * UNPUBLISHED, LICENSED SOFTWARE.
   6:isr.c         ****  *
   7:isr.c         ****  * CONFIDENTIAL AND PROPRIETARY INFORMATION
   8:isr.c         ****  * WHICH IS THE PROPERTY OF your company.
   9:isr.c         ****  *
  10:isr.c         ****  * ========================================
  11:isr.c         **** */
  12:isr.c         **** #define UART_DEBUG
  13:isr.c         **** 
  14:isr.c         **** #ifdef UART_DEBUG
  15:isr.c         ****     
  16:isr.c         ****     #define DEBUG_TEST 1
  17:isr.c         ****     
  18:isr.c         **** #else
  19:isr.c         ****     
  20:isr.c         ****     #define DEBUG_TEST 0
  21:isr.c         ****     
  22:isr.c         **** #endif
ARM GAS  C:\Users\Perro\AppData\Local\Temp\ccriZRC7.s 			page 2


  23:isr.c         **** 
  24:isr.c         **** #define debug_print(msg) do { if (DEBUG_TEST) UART_Debug_PutString(msg);} while (0)
  25:isr.c         **** 
  26:isr.c         **** 
  27:isr.c         **** #include "project.h"
  28:isr.c         **** #include "isr.h"
  29:isr.c         **** long count=0;
  30:isr.c         **** char msg[50];
  31:isr.c         **** 
  32:isr.c         **** CY_ISR_PROTO(Count) {
  36              		.loc 1 32 0
  37              		.cfi_startproc
  38              		@ args = 0, pretend = 0, frame = 0
  39              		@ frame_needed = 1, uses_anonymous_args = 0
  40              		@ link register save eliminated.
  41 0000 80B4     		push	{r7}
  42              		.cfi_def_cfa_offset 4
  43              		.cfi_offset 7, -4
  44 0002 00AF     		add	r7, sp, #0
  45              		.cfi_def_cfa_register 7
  33:isr.c         ****     count++;
  46              		.loc 1 33 0
  47 0004 044B     		ldr	r3, .L2
  48 0006 1B68     		ldr	r3, [r3]
  49 0008 0133     		adds	r3, r3, #1
  50 000a 034A     		ldr	r2, .L2
  51 000c 1360     		str	r3, [r2]
  34:isr.c         ****     //sprintf(msg, "millis: %ld\r\n", count);
  35:isr.c         ****     //debug_print(msg);
  36:isr.c         **** }
  52              		.loc 1 36 0
  53 000e 00BF     		nop
  54 0010 BD46     		mov	sp, r7
  55              		.cfi_def_cfa_register 13
  56              		@ sp needed
  57 0012 80BC     		pop	{r7}
  58              		.cfi_restore 7
  59              		.cfi_def_cfa_offset 0
  60 0014 7047     		bx	lr
  61              	.L3:
  62 0016 00BF     		.align	2
  63              	.L2:
  64 0018 00000000 		.word	count
  65              		.cfi_endproc
  66              	.LFE64:
  67              		.size	Count, .-Count
  68              		.text
  69              	.Letext0:
  70              		.file 2 "c:\\program files (x86)\\cypress\\psoc creator\\4.4\\psoc creator\\import\\gnu\\arm\\5.4.
  71              		.file 3 "c:\\program files (x86)\\cypress\\psoc creator\\4.4\\psoc creator\\import\\gnu\\arm\\5.4.
  72              		.file 4 "Generated_Source\\PSoC5/core_cm3.h"
  73              		.section	.debug_info,"",%progbits
  74              	.Ldebug_info0:
  75 0000 F5000000 		.4byte	0xf5
  76 0004 0400     		.2byte	0x4
  77 0006 00000000 		.4byte	.Ldebug_abbrev0
  78 000a 04       		.byte	0x4
ARM GAS  C:\Users\Perro\AppData\Local\Temp\ccriZRC7.s 			page 3


  79 000b 01       		.uleb128 0x1
  80 000c A8000000 		.4byte	.LASF18
  81 0010 0C       		.byte	0xc
  82 0011 94010000 		.4byte	.LASF19
  83 0015 5D000000 		.4byte	.LASF20
  84 0019 00000000 		.4byte	.Ldebug_ranges0+0
  85 001d 00000000 		.4byte	0
  86 0021 00000000 		.4byte	.Ldebug_line0
  87 0025 02       		.uleb128 0x2
  88 0026 01       		.byte	0x1
  89 0027 06       		.byte	0x6
  90 0028 72010000 		.4byte	.LASF0
  91 002c 02       		.uleb128 0x2
  92 002d 01       		.byte	0x1
  93 002e 08       		.byte	0x8
  94 002f 36010000 		.4byte	.LASF1
  95 0033 02       		.uleb128 0x2
  96 0034 02       		.byte	0x2
  97 0035 05       		.byte	0x5
  98 0036 9A010000 		.4byte	.LASF2
  99 003a 02       		.uleb128 0x2
 100 003b 02       		.byte	0x2
 101 003c 07       		.byte	0x7
 102 003d 0E000000 		.4byte	.LASF3
 103 0041 03       		.uleb128 0x3
 104 0042 8A010000 		.4byte	.LASF9
 105 0046 02       		.byte	0x2
 106 0047 3F       		.byte	0x3f
 107 0048 4C000000 		.4byte	0x4c
 108 004c 02       		.uleb128 0x2
 109 004d 04       		.byte	0x4
 110 004e 05       		.byte	0x5
 111 004f 4F010000 		.4byte	.LASF4
 112 0053 02       		.uleb128 0x2
 113 0054 04       		.byte	0x4
 114 0055 07       		.byte	0x7
 115 0056 2E000000 		.4byte	.LASF5
 116 005a 02       		.uleb128 0x2
 117 005b 08       		.byte	0x8
 118 005c 05       		.byte	0x5
 119 005d 00000000 		.4byte	.LASF6
 120 0061 02       		.uleb128 0x2
 121 0062 08       		.byte	0x8
 122 0063 07       		.byte	0x7
 123 0064 40000000 		.4byte	.LASF7
 124 0068 04       		.uleb128 0x4
 125 0069 04       		.byte	0x4
 126 006a 05       		.byte	0x5
 127 006b 696E7400 		.ascii	"int\000"
 128 006f 02       		.uleb128 0x2
 129 0070 04       		.byte	0x4
 130 0071 07       		.byte	0x7
 131 0072 21000000 		.4byte	.LASF8
 132 0076 03       		.uleb128 0x3
 133 0077 A4010000 		.4byte	.LASF10
 134 007b 03       		.byte	0x3
 135 007c 2C       		.byte	0x2c
ARM GAS  C:\Users\Perro\AppData\Local\Temp\ccriZRC7.s 			page 4


 136 007d 41000000 		.4byte	0x41
 137 0081 02       		.uleb128 0x2
 138 0082 04       		.byte	0x4
 139 0083 04       		.byte	0x4
 140 0084 57000000 		.4byte	.LASF11
 141 0088 02       		.uleb128 0x2
 142 0089 08       		.byte	0x8
 143 008a 04       		.byte	0x4
 144 008b 58010000 		.4byte	.LASF12
 145 008f 02       		.uleb128 0x2
 146 0090 01       		.byte	0x1
 147 0091 08       		.byte	0x8
 148 0092 44010000 		.4byte	.LASF13
 149 0096 02       		.uleb128 0x2
 150 0097 08       		.byte	0x8
 151 0098 04       		.byte	0x4
 152 0099 7E010000 		.4byte	.LASF14
 153 009d 02       		.uleb128 0x2
 154 009e 04       		.byte	0x4
 155 009f 07       		.byte	0x7
 156 00a0 AC010000 		.4byte	.LASF15
 157 00a4 05       		.uleb128 0x5
 158 00a5 5F010000 		.4byte	.LASF21
 159 00a9 01       		.byte	0x1
 160 00aa 20       		.byte	0x20
 161 00ab 00000000 		.4byte	.LFB64
 162 00af 1C000000 		.4byte	.LFE64-.LFB64
 163 00b3 01       		.uleb128 0x1
 164 00b4 9C       		.byte	0x9c
 165 00b5 06       		.uleb128 0x6
 166 00b6 65010000 		.4byte	.LASF16
 167 00ba 04       		.byte	0x4
 168 00bb 1207     		.2byte	0x712
 169 00bd C1000000 		.4byte	0xc1
 170 00c1 07       		.uleb128 0x7
 171 00c2 76000000 		.4byte	0x76
 172 00c6 08       		.uleb128 0x8
 173 00c7 49010000 		.4byte	.LASF17
 174 00cb 01       		.byte	0x1
 175 00cc 1D       		.byte	0x1d
 176 00cd 4C000000 		.4byte	0x4c
 177 00d1 05       		.uleb128 0x5
 178 00d2 03       		.byte	0x3
 179 00d3 00000000 		.4byte	count
 180 00d7 09       		.uleb128 0x9
 181 00d8 8F000000 		.4byte	0x8f
 182 00dc E7000000 		.4byte	0xe7
 183 00e0 0A       		.uleb128 0xa
 184 00e1 9D000000 		.4byte	0x9d
 185 00e5 31       		.byte	0x31
 186 00e6 00       		.byte	0
 187 00e7 0B       		.uleb128 0xb
 188 00e8 6D736700 		.ascii	"msg\000"
 189 00ec 01       		.byte	0x1
 190 00ed 1E       		.byte	0x1e
 191 00ee D7000000 		.4byte	0xd7
 192 00f2 05       		.uleb128 0x5
ARM GAS  C:\Users\Perro\AppData\Local\Temp\ccriZRC7.s 			page 5


 193 00f3 03       		.byte	0x3
 194 00f4 00000000 		.4byte	msg
 195 00f8 00       		.byte	0
 196              		.section	.debug_abbrev,"",%progbits
 197              	.Ldebug_abbrev0:
 198 0000 01       		.uleb128 0x1
 199 0001 11       		.uleb128 0x11
 200 0002 01       		.byte	0x1
 201 0003 25       		.uleb128 0x25
 202 0004 0E       		.uleb128 0xe
 203 0005 13       		.uleb128 0x13
 204 0006 0B       		.uleb128 0xb
 205 0007 03       		.uleb128 0x3
 206 0008 0E       		.uleb128 0xe
 207 0009 1B       		.uleb128 0x1b
 208 000a 0E       		.uleb128 0xe
 209 000b 55       		.uleb128 0x55
 210 000c 17       		.uleb128 0x17
 211 000d 11       		.uleb128 0x11
 212 000e 01       		.uleb128 0x1
 213 000f 10       		.uleb128 0x10
 214 0010 17       		.uleb128 0x17
 215 0011 00       		.byte	0
 216 0012 00       		.byte	0
 217 0013 02       		.uleb128 0x2
 218 0014 24       		.uleb128 0x24
 219 0015 00       		.byte	0
 220 0016 0B       		.uleb128 0xb
 221 0017 0B       		.uleb128 0xb
 222 0018 3E       		.uleb128 0x3e
 223 0019 0B       		.uleb128 0xb
 224 001a 03       		.uleb128 0x3
 225 001b 0E       		.uleb128 0xe
 226 001c 00       		.byte	0
 227 001d 00       		.byte	0
 228 001e 03       		.uleb128 0x3
 229 001f 16       		.uleb128 0x16
 230 0020 00       		.byte	0
 231 0021 03       		.uleb128 0x3
 232 0022 0E       		.uleb128 0xe
 233 0023 3A       		.uleb128 0x3a
 234 0024 0B       		.uleb128 0xb
 235 0025 3B       		.uleb128 0x3b
 236 0026 0B       		.uleb128 0xb
 237 0027 49       		.uleb128 0x49
 238 0028 13       		.uleb128 0x13
 239 0029 00       		.byte	0
 240 002a 00       		.byte	0
 241 002b 04       		.uleb128 0x4
 242 002c 24       		.uleb128 0x24
 243 002d 00       		.byte	0
 244 002e 0B       		.uleb128 0xb
 245 002f 0B       		.uleb128 0xb
 246 0030 3E       		.uleb128 0x3e
 247 0031 0B       		.uleb128 0xb
 248 0032 03       		.uleb128 0x3
 249 0033 08       		.uleb128 0x8
ARM GAS  C:\Users\Perro\AppData\Local\Temp\ccriZRC7.s 			page 6


 250 0034 00       		.byte	0
 251 0035 00       		.byte	0
 252 0036 05       		.uleb128 0x5
 253 0037 2E       		.uleb128 0x2e
 254 0038 00       		.byte	0
 255 0039 3F       		.uleb128 0x3f
 256 003a 19       		.uleb128 0x19
 257 003b 03       		.uleb128 0x3
 258 003c 0E       		.uleb128 0xe
 259 003d 3A       		.uleb128 0x3a
 260 003e 0B       		.uleb128 0xb
 261 003f 3B       		.uleb128 0x3b
 262 0040 0B       		.uleb128 0xb
 263 0041 27       		.uleb128 0x27
 264 0042 19       		.uleb128 0x19
 265 0043 11       		.uleb128 0x11
 266 0044 01       		.uleb128 0x1
 267 0045 12       		.uleb128 0x12
 268 0046 06       		.uleb128 0x6
 269 0047 40       		.uleb128 0x40
 270 0048 18       		.uleb128 0x18
 271 0049 9742     		.uleb128 0x2117
 272 004b 19       		.uleb128 0x19
 273 004c 00       		.byte	0
 274 004d 00       		.byte	0
 275 004e 06       		.uleb128 0x6
 276 004f 34       		.uleb128 0x34
 277 0050 00       		.byte	0
 278 0051 03       		.uleb128 0x3
 279 0052 0E       		.uleb128 0xe
 280 0053 3A       		.uleb128 0x3a
 281 0054 0B       		.uleb128 0xb
 282 0055 3B       		.uleb128 0x3b
 283 0056 05       		.uleb128 0x5
 284 0057 49       		.uleb128 0x49
 285 0058 13       		.uleb128 0x13
 286 0059 3F       		.uleb128 0x3f
 287 005a 19       		.uleb128 0x19
 288 005b 3C       		.uleb128 0x3c
 289 005c 19       		.uleb128 0x19
 290 005d 00       		.byte	0
 291 005e 00       		.byte	0
 292 005f 07       		.uleb128 0x7
 293 0060 35       		.uleb128 0x35
 294 0061 00       		.byte	0
 295 0062 49       		.uleb128 0x49
 296 0063 13       		.uleb128 0x13
 297 0064 00       		.byte	0
 298 0065 00       		.byte	0
 299 0066 08       		.uleb128 0x8
 300 0067 34       		.uleb128 0x34
 301 0068 00       		.byte	0
 302 0069 03       		.uleb128 0x3
 303 006a 0E       		.uleb128 0xe
 304 006b 3A       		.uleb128 0x3a
 305 006c 0B       		.uleb128 0xb
 306 006d 3B       		.uleb128 0x3b
ARM GAS  C:\Users\Perro\AppData\Local\Temp\ccriZRC7.s 			page 7


 307 006e 0B       		.uleb128 0xb
 308 006f 49       		.uleb128 0x49
 309 0070 13       		.uleb128 0x13
 310 0071 3F       		.uleb128 0x3f
 311 0072 19       		.uleb128 0x19
 312 0073 02       		.uleb128 0x2
 313 0074 18       		.uleb128 0x18
 314 0075 00       		.byte	0
 315 0076 00       		.byte	0
 316 0077 09       		.uleb128 0x9
 317 0078 01       		.uleb128 0x1
 318 0079 01       		.byte	0x1
 319 007a 49       		.uleb128 0x49
 320 007b 13       		.uleb128 0x13
 321 007c 01       		.uleb128 0x1
 322 007d 13       		.uleb128 0x13
 323 007e 00       		.byte	0
 324 007f 00       		.byte	0
 325 0080 0A       		.uleb128 0xa
 326 0081 21       		.uleb128 0x21
 327 0082 00       		.byte	0
 328 0083 49       		.uleb128 0x49
 329 0084 13       		.uleb128 0x13
 330 0085 2F       		.uleb128 0x2f
 331 0086 0B       		.uleb128 0xb
 332 0087 00       		.byte	0
 333 0088 00       		.byte	0
 334 0089 0B       		.uleb128 0xb
 335 008a 34       		.uleb128 0x34
 336 008b 00       		.byte	0
 337 008c 03       		.uleb128 0x3
 338 008d 08       		.uleb128 0x8
 339 008e 3A       		.uleb128 0x3a
 340 008f 0B       		.uleb128 0xb
 341 0090 3B       		.uleb128 0x3b
 342 0091 0B       		.uleb128 0xb
 343 0092 49       		.uleb128 0x49
 344 0093 13       		.uleb128 0x13
 345 0094 3F       		.uleb128 0x3f
 346 0095 19       		.uleb128 0x19
 347 0096 02       		.uleb128 0x2
 348 0097 18       		.uleb128 0x18
 349 0098 00       		.byte	0
 350 0099 00       		.byte	0
 351 009a 00       		.byte	0
 352              		.section	.debug_aranges,"",%progbits
 353 0000 1C000000 		.4byte	0x1c
 354 0004 0200     		.2byte	0x2
 355 0006 00000000 		.4byte	.Ldebug_info0
 356 000a 04       		.byte	0x4
 357 000b 00       		.byte	0
 358 000c 0000     		.2byte	0
 359 000e 0000     		.2byte	0
 360 0010 00000000 		.4byte	.LFB64
 361 0014 1C000000 		.4byte	.LFE64-.LFB64
 362 0018 00000000 		.4byte	0
 363 001c 00000000 		.4byte	0
ARM GAS  C:\Users\Perro\AppData\Local\Temp\ccriZRC7.s 			page 8


 364              		.section	.debug_ranges,"",%progbits
 365              	.Ldebug_ranges0:
 366 0000 00000000 		.4byte	.LFB64
 367 0004 1C000000 		.4byte	.LFE64
 368 0008 00000000 		.4byte	0
 369 000c 00000000 		.4byte	0
 370              		.section	.debug_line,"",%progbits
 371              	.Ldebug_line0:
 372 0000 55010000 		.section	.debug_str,"MS",%progbits,1
 372      02003E01 
 372      00000201 
 372      FB0E0D00 
 372      01010101 
 373              	.LASF6:
 374 0000 6C6F6E67 		.ascii	"long long int\000"
 374      206C6F6E 
 374      6720696E 
 374      7400
 375              	.LASF3:
 376 000e 73686F72 		.ascii	"short unsigned int\000"
 376      7420756E 
 376      7369676E 
 376      65642069 
 376      6E7400
 377              	.LASF8:
 378 0021 756E7369 		.ascii	"unsigned int\000"
 378      676E6564 
 378      20696E74 
 378      00
 379              	.LASF5:
 380 002e 6C6F6E67 		.ascii	"long unsigned int\000"
 380      20756E73 
 380      69676E65 
 380      6420696E 
 380      7400
 381              	.LASF7:
 382 0040 6C6F6E67 		.ascii	"long long unsigned int\000"
 382      206C6F6E 
 382      6720756E 
 382      7369676E 
 382      65642069 
 383              	.LASF11:
 384 0057 666C6F61 		.ascii	"float\000"
 384      7400
 385              	.LASF20:
 386 005d 433A5C55 		.ascii	"C:\\Users\\Perro\\Desktop\\AY2122_II_Project-1\\Pro"
 386      73657273 
 386      5C506572 
 386      726F5C44 
 386      65736B74 
 387 008b 6A656374 		.ascii	"ject_LTEBS\\Saturimetro.cydsn\000"
 387      5F4C5445 
 387      42535C53 
 387      61747572 
 387      696D6574 
 388              	.LASF18:
 389 00a8 474E5520 		.ascii	"GNU C11 5.4.1 20160609 (release) [ARM/embedded-5-br"
ARM GAS  C:\Users\Perro\AppData\Local\Temp\ccriZRC7.s 			page 9


 389      43313120 
 389      352E342E 
 389      31203230 
 389      31363036 
 390 00db 616E6368 		.ascii	"anch revision 237715] -mcpu=cortex-m3 -mthumb -g -O"
 390      20726576 
 390      6973696F 
 390      6E203233 
 390      37373135 
 391 010e 30202D66 		.ascii	"0 -ffunction-sections -ffat-lto-objects\000"
 391      66756E63 
 391      74696F6E 
 391      2D736563 
 391      74696F6E 
 392              	.LASF1:
 393 0136 756E7369 		.ascii	"unsigned char\000"
 393      676E6564 
 393      20636861 
 393      7200
 394              	.LASF13:
 395 0144 63686172 		.ascii	"char\000"
 395      00
 396              	.LASF17:
 397 0149 636F756E 		.ascii	"count\000"
 397      7400
 398              	.LASF4:
 399 014f 6C6F6E67 		.ascii	"long int\000"
 399      20696E74 
 399      00
 400              	.LASF12:
 401 0158 646F7562 		.ascii	"double\000"
 401      6C6500
 402              	.LASF21:
 403 015f 436F756E 		.ascii	"Count\000"
 403      7400
 404              	.LASF16:
 405 0165 49544D5F 		.ascii	"ITM_RxBuffer\000"
 405      52784275 
 405      66666572 
 405      00
 406              	.LASF0:
 407 0172 7369676E 		.ascii	"signed char\000"
 407      65642063 
 407      68617200 
 408              	.LASF14:
 409 017e 6C6F6E67 		.ascii	"long double\000"
 409      20646F75 
 409      626C6500 
 410              	.LASF9:
 411 018a 5F5F696E 		.ascii	"__int32_t\000"
 411      7433325F 
 411      7400
 412              	.LASF19:
 413 0194 6973722E 		.ascii	"isr.c\000"
 413      6300
 414              	.LASF2:
 415 019a 73686F72 		.ascii	"short int\000"
ARM GAS  C:\Users\Perro\AppData\Local\Temp\ccriZRC7.s 			page 10


 415      7420696E 
 415      7400
 416              	.LASF10:
 417 01a4 696E7433 		.ascii	"int32_t\000"
 417      325F7400 
 418              	.LASF15:
 419 01ac 73697A65 		.ascii	"sizetype\000"
 419      74797065 
 419      00
 420              		.ident	"GCC: (GNU Tools for ARM Embedded Processors) 5.4.1 20160609 (release) [ARM/embedded-5-bran
